<?xml version="1.0" encoding="UTF-8"?>
<!-- Generated by org.testng.reporters.JUnitReportReporter -->
<testsuite hostname="ShruthiDixit" failures="0" tests="4" name="api.test.UserTests" time="3.220" errors="0" timestamp="2024-11-14T20:00:21 CST" skipped="0">
  <testcase classname="api.test.UserTests" name="testPostUser" time="2.239"/>
  <system-out/>
  <testcase classname="api.test.UserTests" name="testGetUserByName" time="0.237"/>
  <system-out/>
  <testcase classname="api.test.UserTests" name="testUpdateUserbyName" time="0.514"/>
  <system-out/>
  <testcase classname="api.test.UserTests" name="testDeleteUserbyName" time="0.230"/>
  <system-out/>
</testsuite> <!-- api.test.UserTests -->
