<?xml version="1.0" encoding="UTF-8"?>
<!-- Generated by org.testng.reporters.JUnitReportReporter -->
<testsuite hostname="ShruthiDixit" failures="0" tests="4" name="api.test.UserTests" time="3.641" errors="0" timestamp="2024-11-18T08:59:01 CST" skipped="0">
  <testcase classname="api.test.UserTests" name="testPostUser" time="2.641"/>
  <system-out/>
  <testcase classname="api.test.UserTests" name="testGetUserByName" time="0.296"/>
  <system-out/>
  <testcase classname="api.test.UserTests" name="testUpdateUserbyName" time="0.468"/>
  <system-out/>
  <testcase classname="api.test.UserTests" name="testDeleteUserbyName" time="0.236"/>
  <system-out/>
</testsuite> <!-- api.test.UserTests -->
